<?xml version="1.0" encoding="UTF-8"?>
<testng-results ignored="0" total="2" passed="2" failed="0" skipped="0">
  <reporter-output>
  </reporter-output>
  <suite started-at="2025-08-19T01:15:36 IST" name="YatraFlightFramework" finished-at="2025-08-19T01:17:08 IST" duration-ms="91886">
    <groups>
    </groups>
    <test started-at="2025-08-19T01:15:36 IST" name="YatraFlightFramework Tests" finished-at="2025-08-19T01:17:08 IST" duration-ms="91886">
      <class name="tests.YatraFlightBookingTest">
        <test-method is-config="true" signature="TestStartUp()[pri:0, instance:tests.YatraFlightBookingTest@169bb4dd]" started-at="2025-08-19T01:15:37 IST" name="TestStartUp" finished-at="2025-08-19T01:15:41 IST" duration-ms="3791" status="PASS">
          <reporter-output>
          </reporter-output>
        </test-method> <!-- TestStartUp -->
        <test-method is-config="true" signature="TestStartUp()[pri:0, instance:tests.YatraFlightBookingTest@169bb4dd]" started-at="2025-08-19T01:15:37 IST" name="TestStartUp" finished-at="2025-08-19T01:15:41 IST" duration-ms="4475" status="PASS">
          <reporter-output>
          </reporter-output>
        </test-method> <!-- TestStartUp -->
        <test-method signature="testFlightBooking(java.lang.String)[pri:0, instance:tests.YatraFlightBookingTest@169bb4dd]" started-at="2025-08-19T01:15:41 IST" name="testFlightBooking" description="Search for flights from CCU to BOM with multiple passengers" data-provider="parallelRuns" finished-at="2025-08-19T01:17:07 IST" duration-ms="86356" status="PASS">
          <params>
            <param index="0">
              <value>
                <![CDATA[Run2]]>
              </value>
            </param>
          </params>
          <reporter-output>
          </reporter-output>
        </test-method> <!-- testFlightBooking -->
        <test-method signature="testFlightBooking(java.lang.String)[pri:0, instance:tests.YatraFlightBookingTest@169bb4dd]" started-at="2025-08-19T01:15:41 IST" name="testFlightBooking" description="Search for flights from CCU to BOM with multiple passengers" data-provider="parallelRuns" finished-at="2025-08-19T01:17:07 IST" duration-ms="85774" status="PASS">
          <params>
            <param index="0">
              <value>
                <![CDATA[Run1]]>
              </value>
            </param>
          </params>
          <reporter-output>
          </reporter-output>
        </test-method> <!-- testFlightBooking -->
        <test-method is-config="true" signature="TestTearDown()[pri:0, instance:tests.YatraFlightBookingTest@169bb4dd]" started-at="2025-08-19T01:17:07 IST" name="TestTearDown" finished-at="2025-08-19T01:17:08 IST" duration-ms="1165" status="PASS">
          <reporter-output>
          </reporter-output>
        </test-method> <!-- TestTearDown -->
        <test-method is-config="true" signature="TestTearDown()[pri:0, instance:tests.YatraFlightBookingTest@169bb4dd]" started-at="2025-08-19T01:17:07 IST" name="TestTearDown" finished-at="2025-08-19T01:17:08 IST" duration-ms="1168" status="PASS">
          <reporter-output>
          </reporter-output>
        </test-method> <!-- TestTearDown -->
      </class> <!-- tests.YatraFlightBookingTest -->
    </test> <!-- YatraFlightFramework Tests -->
  </suite> <!-- YatraFlightFramework -->
</testng-results>
