<?xml version="1.0" encoding="UTF-8"?>
<testng-results ignored="0" total="1" passed="1" failed="0" skipped="0">
  <reporter-output>
  </reporter-output>
  <suite started-at="2025-08-18T22:28:06 IST" name="YatraFlightFramework" finished-at="2025-08-18T22:29:32 IST" duration-ms="85964">
    <groups>
    </groups>
    <test started-at="2025-08-18T22:28:06 IST" name="YatraFlightFramework Tests" finished-at="2025-08-18T22:29:32 IST" duration-ms="85964">
      <class name="tests.YatraFlightBookingTest">
        <test-method is-config="true" signature="TestStartUp()[pri:0, instance:tests.YatraFlightBookingTest@1500b2f3]" started-at="2025-08-18T22:28:06 IST" name="TestStartUp" finished-at="2025-08-18T22:28:09 IST" duration-ms="2768" status="PASS">
          <reporter-output>
          </reporter-output>
        </test-method> <!-- TestStartUp -->
        <test-method signature="testFlightBooking()[pri:0, instance:tests.YatraFlightBookingTest@1500b2f3]" started-at="2025-08-18T22:28:09 IST" name="testFlightBooking" description="Search for flights from CCU to BOM with multiple passengers" finished-at="2025-08-18T22:29:31 IST" duration-ms="82032" status="PASS">
          <reporter-output>
          </reporter-output>
        </test-method> <!-- testFlightBooking -->
        <test-method is-config="true" signature="TestTearDown()[pri:0, instance:tests.YatraFlightBookingTest@1500b2f3]" started-at="2025-08-18T22:29:32 IST" name="TestTearDown" finished-at="2025-08-18T22:29:32 IST" duration-ms="304" status="PASS">
          <reporter-output>
          </reporter-output>
        </test-method> <!-- TestTearDown -->
      </class> <!-- tests.YatraFlightBookingTest -->
    </test> <!-- YatraFlightFramework Tests -->
  </suite> <!-- YatraFlightFramework -->
</testng-results>
